<?xml version="1.0" encoding="UTF-8"?>
<testsuite name="TestSuite" time="7.915" tests="5" errors="0" skipped="0" failures="1">
  <properties>
[...]
</properties>
  <testcase name="deleteuser" classname="testcases.TC005_Delete_Record" time="6.52">
    <failure message="expected [200] but found [404]" type="java.lang.AssertionError">java.lang.AssertionError: expected [200] but found [404]
	at org.testng.Assert.fail(Assert.java:99)
	at org.testng.Assert.failNotEquals(Assert.java:1037)
	at org.testng.Assert.assertEqualsImpl(Assert.java:140)
	at org.testng.Assert.assertEquals(Assert.java:122)
	at org.testng.Assert.assertEquals(Assert.java:907)
	at org.testng.Assert.assertEquals(Assert.java:917)
	at testcases.TC005_Delete_Record.deleteuser(TC005_Delete_Record.java:37)
</failure>
    <system-out><![CDATA[response value =={}
]]></system-out>
  </testcase>
  <testcase name="updateuser" classname="testcases.TC004_Update_User" time="1.179"/>
  <testcase name="getsingleuser" classname="testcases.TC002_Get_Single_user" time="0.056"/>
  <testcase name="getAllUsers" classname="testcases.TC001_Get_All_Users" time="0.081"/>
  <testcase name="adduser" classname="testcases.TC003_Add_User" time="0.079"/>
</testsuite>