<?xml version="1.0" encoding="UTF-8"?>
<testng-results skipped="0" failed="0" ignored="0" total="1" passed="1">
  <reporter-output>
  </reporter-output>
  <suite name="Default suite" duration-ms="2482" started-at="2022-12-19T19:24:22Z" finished-at="2022-12-19T19:24:24Z">
    <groups>
    </groups>
    <test name="Default test" duration-ms="2482" started-at="2022-12-19T19:24:22Z" finished-at="2022-12-19T19:24:24Z">
      <class name="testcases.TC003_Add_User">
        <test-method status="PASS" signature="setup()[pri:0, instance:testcases.TC003_Add_User@1e88b3c]" name="setup" is-config="true" duration-ms="11" started-at="2022-12-19T19:24:22Z" finished-at="2022-12-19T19:24:22Z">
          <reporter-output>
          </reporter-output>
        </test-method> <!-- setup -->
        <test-method status="PASS" signature="adduser()[pri:0, instance:testcases.TC003_Add_User@1e88b3c]" name="adduser" duration-ms="2448" started-at="2022-12-19T19:24:22Z" finished-at="2022-12-19T19:24:24Z">
          <reporter-output>
          </reporter-output>
        </test-method> <!-- adduser -->
      </class> <!-- testcases.TC003_Add_User -->
    </test> <!-- Default test -->
  </suite> <!-- Default suite -->
</testng-results>
